\BOOKMARK [0][-]{chapter.1}{\376\377\000G\000r\000o\000u\000p\000\040\000G\000r\000i\000n\000d}{}% 1
\BOOKMARK [1][-]{section.1.1}{\376\377\000A\000u\000g\000u\000s\000t\000\040\0002\0006}{chapter.1}% 2
\BOOKMARK [1][-]{section.1.2}{\376\377\000A\000u\000g\000u\000s\000t\000\040\0003\0001}{chapter.1}% 3
\BOOKMARK [1][-]{section.1.3}{\376\377\000S\000e\000p\000t\000e\000m\000b\000e\000r\000\040\0002}{chapter.1}% 4
\BOOKMARK [1][-]{section.1.4}{\376\377\000S\000e\000p\000t\000e\000m\000b\000e\000r\000\040\0007}{chapter.1}% 5
\BOOKMARK [1][-]{section.1.5}{\376\377\000S\000e\000p\000t\000e\000m\000b\000e\000r\000\040\0009}{chapter.1}% 6
\BOOKMARK [1][-]{section.1.6}{\376\377\000S\000e\000p\000t\000e\000m\000b\000e\000r\000\040\0001\0004}{chapter.1}% 7
\BOOKMARK [1][-]{section.1.7}{\376\377\000S\000e\000p\000t\000e\000m\000b\000e\000r\000\040\0001\0006}{chapter.1}% 8
\BOOKMARK [0][-]{chapter.2}{\376\377\000R\000i\000n\000g\000\040\000R\000a\000m\000b\000l\000e\000s}{}% 9
\BOOKMARK [1][-]{section.2.1}{\376\377\000S\000e\000p\000t\000e\000m\000b\000e\000r\000\040\0002\0001}{chapter.2}% 10
\BOOKMARK [1][-]{section.2.2}{\376\377\000S\000e\000p\000t\000e\000m\000b\000e\000r\000\040\0002\0008}{chapter.2}% 11
\BOOKMARK [1][-]{section.2.3}{\376\377\000S\000e\000p\000t\000e\000m\000b\000e\000r\000\040\0003\0000}{chapter.2}% 12
\BOOKMARK [0][-]{chapter.3}{\376\377\000M\000o\000d\000u\000l\000e\000\040\000M\000o\000n\000o\000l\000o\000g\000u\000e}{}% 13
\BOOKMARK [1][-]{section.3.1}{\376\377\000O\000c\000t\000o\000b\000e\000r\000\040\0005}{chapter.3}% 14
\BOOKMARK [1][-]{section.3.2}{\376\377\000O\000c\000t\000o\000b\000e\000r\000\040\0007}{chapter.3}% 15
\BOOKMARK [1][-]{section.3.3}{\376\377\000O\000c\000t\000o\000b\000e\000r\000\040\0001\0002}{chapter.3}% 16
\BOOKMARK [1][-]{section.3.4}{\376\377\000O\000c\000t\000o\000b\000e\000r\000\040\0001\0004}{chapter.3}% 17
\BOOKMARK [0][-]{chapter.4}{\376\377\000P\000o\000l\000y\000n\000o\000m\000i\000a\000l\000\040\000P\000a\000g\000e\000s}{}% 18
\BOOKMARK [1][-]{section.4.1}{\376\377\000O\000c\000t\000o\000b\000e\000r\000\040\0001\0009}{chapter.4}% 19
\BOOKMARK [1][-]{section.4.2}{\376\377\000O\000c\000t\000o\000b\000e\000r\000\040\0002\0001}{chapter.4}% 20
\BOOKMARK [1][-]{section.4.3}{\376\377\000O\000c\000t\000o\000b\000e\000r\000\040\0002\0006}{chapter.4}% 21
\BOOKMARK [1][-]{section.4.4}{\376\377\000O\000c\000t\000o\000b\000e\000r\000\040\0002\0008}{chapter.4}% 22
\BOOKMARK [0][-]{chapter.5}{\376\377\000G\000a\000l\000o\000i\000s\000\040\000G\000o\000s\000s\000i\000p}{}% 23
\BOOKMARK [1][-]{section.5.1}{\376\377\000N\000o\000v\000e\000m\000b\000e\000r\000\040\0002}{chapter.5}% 24
\BOOKMARK [1][-]{section.5.2}{\376\377\000N\000o\000v\000e\000m\000b\000e\000r\000\040\0009}{chapter.5}% 25
\BOOKMARK [1][-]{section.5.3}{\376\377\000N\000o\000v\000e\000m\000b\000e\000r\000\040\0001\0006}{chapter.5}% 26
\BOOKMARK [1][-]{section.5.4}{\376\377\000N\000o\000v\000e\000m\000b\000e\000r\000\040\0001\0008}{chapter.5}% 27
\BOOKMARK [1][-]{section.5.5}{\376\377\000N\000o\000v\000e\000m\000b\000e\000r\000\040\0002\0003}{chapter.5}% 28
\BOOKMARK [1][-]{section.5.6}{\376\377\000N\000o\000v\000e\000m\000b\000e\000r\000\040\0003\0000}{chapter.5}% 29
\BOOKMARK [1][-]{section.5.7}{\376\377\000D\000e\000c\000e\000m\000b\000e\000r\000\040\0002}{chapter.5}% 30
\BOOKMARK [0][-]{section*.15}{\376\377\000L\000i\000s\000t\000\040\000o\000f\000\040\000D\000e\000f\000i\000n\000i\000t\000i\000o\000n\000s}{}% 31
