\BOOKMARK [0][-]{chapter.1}{\376\377\000I\000n\000t\000r\000o\000d\000u\000c\000t\000i\000o\000n}{}% 1
\BOOKMARK [1][-]{section.1.1}{\376\377\000J\000a\000n\000u\000a\000r\000y\000\040\0001\0008}{chapter.1}% 2
\BOOKMARK [1][-]{section.1.2}{\376\377\000J\000a\000n\000u\000a\000r\000y\000\040\0002\0000}{chapter.1}% 3
\BOOKMARK [0][-]{chapter.2}{\376\377\000L\000o\000c\000a\000l\000\040\000S\000t\000u\000d\000y}{}% 4
\BOOKMARK [1][-]{section.2.1}{\376\377\000J\000a\000n\000u\000a\000r\000y\000\040\0002\0005}{chapter.2}% 5
\BOOKMARK [1][-]{section.2.2}{\376\377\000J\000a\000n\000u\000a\000r\000y\000\040\0002\0007}{chapter.2}% 6
\BOOKMARK [1][-]{section.2.3}{\376\377\000F\000e\000b\000r\000u\000a\000r\000y\000\040\0001}{chapter.2}% 7
\BOOKMARK [1][-]{section.2.4}{\376\377\000F\000e\000b\000r\000u\000a\000r\000y\000\040\0003}{chapter.2}% 8
\BOOKMARK [1][-]{section.2.5}{\376\377\000F\000e\000b\000r\000u\000a\000r\000y\000\040\0008}{chapter.2}% 9
\BOOKMARK [0][-]{chapter.3}{\376\377\000M\000o\000n\000i\000c\000\040\000P\000o\000l\000y\000n\000o\000m\000i\000a\000l\000s}{}% 10
\BOOKMARK [1][-]{section.3.1}{\376\377\000F\000e\000b\000r\000u\000a\000r\000y\000\040\0001\0000}{chapter.3}% 11
\BOOKMARK [1][-]{section.3.2}{\376\377\000F\000e\000b\000r\000u\000a\000r\000y\000\040\0001\0005}{chapter.3}% 12
\BOOKMARK [1][-]{section.3.3}{\376\377\000F\000e\000b\000r\000u\000a\000r\000y\000\040\0001\0007}{chapter.3}% 13
\BOOKMARK [1][-]{section.3.4}{\376\377\000F\000e\000b\000r\000u\000a\000r\000y\000\040\0002\0002}{chapter.3}% 14
\BOOKMARK [0][-]{chapter.4}{\376\377\000W\000o\000r\000k\000i\000n\000g\000\040\000i\000n\000\040\000C\000h\000a\000i\000n\000s}{}% 15
\BOOKMARK [1][-]{section.4.1}{\376\377\000F\000e\000b\000r\000u\000a\000r\000y\000\040\0002\0004}{chapter.4}% 16
\BOOKMARK [1][-]{section.4.2}{\376\377\000M\000a\000r\000c\000h\000\040\0001}{chapter.4}% 17
\BOOKMARK [1][-]{section.4.3}{\376\377\000M\000a\000r\000c\000h\000\040\0003}{chapter.4}% 18
\BOOKMARK [1][-]{section.4.4}{\376\377\000M\000a\000r\000c\000h\000\040\0008}{chapter.4}% 19
\BOOKMARK [1][-]{section.4.5}{\376\377\000M\000a\000r\000c\000h\000\040\0001\0000}{chapter.4}% 20
\BOOKMARK [0][-]{section*.16}{\376\377\000L\000i\000s\000t\000\040\000o\000f\000\040\000D\000e\000f\000i\000n\000i\000t\000i\000o\000n\000s}{}% 21
