\BOOKMARK [0][-]{chapter.1}{\376\377\000C\000o\000m\000m\000u\000t\000a\000t\000i\000v\000e\000\040\000A\000l\000g\000e\000b\000r\000a}{}% 1
\BOOKMARK [1][-]{section.1.1}{\376\377\000A\000u\000g\000u\000s\000t\000\040\0002\0005}{chapter.1}% 2
\BOOKMARK [1][-]{section.1.2}{\376\377\000A\000u\000g\000u\000s\000t\000\040\0002\0007}{chapter.1}% 3
\BOOKMARK [1][-]{section.1.3}{\376\377\000A\000u\000g\000u\000s\000t\000\040\0003\0000}{chapter.1}% 4
\BOOKMARK [1][-]{section.1.4}{\376\377\000S\000e\000p\000t\000e\000m\000b\000e\000r\000\040\0001}{chapter.1}% 5
\BOOKMARK [1][-]{section.1.5}{\376\377\000S\000e\000p\000t\000e\000m\000b\000e\000r\000\040\0003}{chapter.1}% 6
\BOOKMARK [1][-]{section.1.6}{\376\377\000S\000e\000p\000t\000e\000m\000b\000e\000r\000\040\0008}{chapter.1}% 7
\BOOKMARK [1][-]{section.1.7}{\376\377\000S\000e\000p\000t\000e\000m\000b\000e\000r\000\040\0001\0000}{chapter.1}% 8
\BOOKMARK [1][-]{section.1.8}{\376\377\000S\000e\000p\000t\000e\000m\000b\000e\000r\000\040\0001\0003}{chapter.1}% 9
\BOOKMARK [0][-]{chapter.2}{\376\377\000M\000i\000n\000k\000o\000w\000s\000k\000i\000\040\000T\000h\000e\000o\000r\000y}{}% 10
\BOOKMARK [1][-]{section.2.1}{\376\377\000S\000e\000p\000t\000e\000m\000b\000e\000r\000\040\0001\0005}{chapter.2}% 11
\BOOKMARK [1][-]{section.2.2}{\376\377\000S\000e\000p\000t\000e\000m\000b\000e\000r\000\040\0001\0007}{chapter.2}% 12
\BOOKMARK [1][-]{section.2.3}{\376\377\000S\000e\000p\000t\000e\000m\000b\000e\000r\000\040\0002\0000}{chapter.2}% 13
\BOOKMARK [1][-]{section.2.4}{\376\377\000S\000e\000p\000t\000e\000m\000b\000e\000r\000\040\0002\0002}{chapter.2}% 14
\BOOKMARK [1][-]{section.2.5}{\376\377\000S\000e\000p\000t\000e\000m\000b\000e\000r\000\040\0002\0004}{chapter.2}% 15
\BOOKMARK [0][-]{chapter.3}{\376\377\000R\000a\000m\000i\000f\000i\000c\000a\000t\000i\000o\000n\000\040\000T\000h\000e\000o\000r\000y}{}% 16
\BOOKMARK [1][-]{section.3.1}{\376\377\000S\000e\000p\000t\000e\000m\000b\000e\000r\000\040\0002\0007}{chapter.3}% 17
\BOOKMARK [1][-]{section.3.2}{\376\377\000S\000e\000p\000t\000e\000m\000b\000e\000r\000\040\0002\0009}{chapter.3}% 18
\BOOKMARK [1][-]{section.3.3}{\376\377\000O\000c\000t\000o\000b\000e\000r\000\040\0001}{chapter.3}% 19
\BOOKMARK [1][-]{section.3.4}{\376\377\000O\000c\000t\000o\000b\000e\000r\000\040\0004}{chapter.3}% 20
\BOOKMARK [1][-]{section.3.5}{\376\377\000O\000c\000t\000o\000b\000e\000r\000\040\0006}{chapter.3}% 21
\BOOKMARK [1][-]{section.3.6}{\376\377\000O\000c\000t\000o\000b\000e\000r\000\040\0008}{chapter.3}% 22
\BOOKMARK [1][-]{section.3.7}{\376\377\000O\000c\000t\000o\000b\000e\000r\000\040\0001\0001}{chapter.3}% 23
\BOOKMARK [1][-]{section.3.8}{\376\377\000O\000c\000t\000o\000b\000e\000r\000\040\0001\0003}{chapter.3}% 24
\BOOKMARK [1][-]{section.3.9}{\376\377\000O\000c\000t\000o\000b\000e\000r\000\040\0001\0005}{chapter.3}% 25
\BOOKMARK [1][-]{section.3.10}{\376\377\000O\000c\000t\000o\000b\000e\000r\000\040\0001\0008}{chapter.3}% 26
\BOOKMARK [1][-]{section.3.11}{\376\377\000O\000c\000t\000o\000b\000e\000r\000\040\0002\0000}{chapter.3}% 27
\BOOKMARK [0][-]{chapter.4}{\376\377\000L\000o\000c\000a\000l\000\040\000T\000h\000e\000o\000r\000y}{}% 28
\BOOKMARK [1][-]{section.4.1}{\376\377\000O\000c\000t\000o\000b\000e\000r\000\040\0002\0002}{chapter.4}% 29
\BOOKMARK [1][-]{section.4.2}{\376\377\000O\000c\000t\000o\000b\000e\000r\000\040\0002\0005}{chapter.4}% 30
\BOOKMARK [1][-]{section.4.3}{\376\377\000O\000c\000t\000o\000b\000e\000r\000\040\0002\0007}{chapter.4}% 31
\BOOKMARK [1][-]{section.4.4}{\376\377\000O\000c\000t\000o\000b\000e\000r\000\040\0002\0009}{chapter.4}% 32
\BOOKMARK [1][-]{section.4.5}{\376\377\000N\000o\000v\000e\000m\000b\000e\000r\000\040\0001}{chapter.4}% 33
\BOOKMARK [1][-]{section.4.6}{\376\377\000N\000o\000v\000e\000m\000b\000e\000r\000\040\0003}{chapter.4}% 34
\BOOKMARK [1][-]{section.4.7}{\376\377\000N\000o\000v\000e\000m\000b\000e\000r\000\040\0005}{chapter.4}% 35
\BOOKMARK [1][-]{section.4.8}{\376\377\000N\000o\000v\000e\000m\000b\000e\000r\000\040\0008}{chapter.4}% 36
\BOOKMARK [1][-]{section.4.9}{\376\377\000N\000o\000v\000e\000m\000b\000e\000r\000\040\0001\0000}{chapter.4}% 37
\BOOKMARK [1][-]{section.4.10}{\376\377\000N\000o\000v\000e\000m\000b\000e\000r\000\040\0001\0002}{chapter.4}% 38
\BOOKMARK [1][-]{section.4.11}{\376\377\000N\000o\000v\000e\000m\000b\000e\000r\000\040\0001\0005}{chapter.4}% 39
\BOOKMARK [1][-]{section.4.12}{\376\377\000N\000o\000v\000e\000m\000b\000e\000r\000\040\0001\0007}{chapter.4}% 40
\BOOKMARK [0][-]{chapter.5}{\376\377\000S\000t\000u\000d\000y\000i\000n\000g\000\040\000G\000l\000o\000b\000a\000l\000\040\000P\000l\000a\000c\000e\000s}{}% 41
\BOOKMARK [1][-]{section.5.1}{\376\377\000N\000o\000v\000e\000m\000b\000e\000r\000\040\0001\0009}{chapter.5}% 42
\BOOKMARK [1][-]{section.5.2}{\376\377\000N\000o\000v\000e\000m\000b\000e\000r\000\040\0002\0002}{chapter.5}% 43
\BOOKMARK [1][-]{section.5.3}{\376\377\000N\000o\000v\000e\000m\000b\000e\000r\000\040\0002\0009}{chapter.5}% 44
\BOOKMARK [1][-]{section.5.4}{\376\377\000D\000e\000c\000e\000m\000b\000e\000r\000\040\0001}{chapter.5}% 45
\BOOKMARK [1][-]{section.5.5}{\376\377\000D\000e\000c\000e\000m\000b\000e\000r\000\040\0003}{chapter.5}% 46
\BOOKMARK [1][-]{section.5.6}{\376\377\000D\000e\000c\000e\000m\000b\000e\000r\000\040\0006}{chapter.5}% 47
\BOOKMARK [1][-]{section.5.7}{\376\377\000D\000e\000c\000e\000m\000b\000e\000r\000\040\0008}{chapter.5}% 48
\BOOKMARK [1][-]{section.5.8}{\376\377\000D\000e\000c\000e\000m\000b\000e\000r\000\040\0001\0000}{chapter.5}% 49
