\BOOKMARK [0][-]{chapter.1}{\376\377\000P\000i\000n\000n\000i\000n\000g\000\040\000D\000o\000w\000n\000\040\000t\000h\000e\000\040\000R\000e\000a\000l\000s}{}% 1
\BOOKMARK [1][-]{section.1.1}{\376\377\000A\000u\000g\000u\000s\000t\000\040\0002\0005}{chapter.1}% 2
\BOOKMARK [1][-]{section.1.2}{\376\377\000A\000u\000g\000u\000s\000t\000\040\0003\0000}{chapter.1}% 3
\BOOKMARK [1][-]{section.1.3}{\376\377\000S\000e\000p\000t\000e\000m\000b\000e\000r\000\040\0001}{chapter.1}% 4
\BOOKMARK [1][-]{section.1.4}{\376\377\000S\000e\000p\000t\000e\000m\000b\000e\000r\000\040\0008}{chapter.1}% 5
\BOOKMARK [1][-]{section.1.5}{\376\377\000S\000e\000p\000t\000e\000m\000b\000e\000r\000\040\0001\0003}{chapter.1}% 6
\BOOKMARK [0][-]{chapter.2}{\376\377\000C\000o\000n\000v\000e\000r\000g\000e\000n\000c\000e}{}% 7
\BOOKMARK [1][-]{section.2.1}{\376\377\000S\000e\000p\000t\000e\000m\000b\000e\000r\000\040\0001\0005}{chapter.2}% 8
\BOOKMARK [1][-]{section.2.2}{\376\377\000S\000e\000p\000t\000e\000m\000b\000e\000r\000\040\0002\0000}{chapter.2}% 9
\BOOKMARK [1][-]{section.2.3}{\376\377\000S\000e\000p\000t\000e\000m\000b\000e\000r\000\040\0002\0002}{chapter.2}% 10
\BOOKMARK [1][-]{section.2.4}{\376\377\000S\000e\000p\000t\000e\000m\000b\000e\000r\000\040\0002\0007}{chapter.2}% 11
\BOOKMARK [1][-]{section.2.5}{\376\377\000S\000e\000p\000t\000e\000m\000b\000e\000r\000\040\0002\0009}{chapter.2}% 12
\BOOKMARK [1][-]{section.2.6}{\376\377\000O\000c\000t\000o\000b\000e\000r\000\040\0004}{chapter.2}% 13
\BOOKMARK [1][-]{section.2.7}{\376\377\000O\000c\000t\000o\000b\000e\000r\000\040\0006}{chapter.2}% 14
\BOOKMARK [0][-]{chapter.3}{\376\377\000C\000o\000n\000t\000i\000n\000u\000i\000t\000y}{}% 15
\BOOKMARK [1][-]{section.3.1}{\376\377\000O\000c\000t\000o\000b\000e\000r\000\040\0001\0003}{chapter.3}% 16
\BOOKMARK [1][-]{section.3.2}{\376\377\000O\000c\000t\000o\000b\000e\000r\000\040\0001\0008}{chapter.3}% 17
\BOOKMARK [1][-]{section.3.3}{\376\377\000O\000c\000t\000o\000b\000e\000r\000\040\0002\0000}{chapter.3}% 18
\BOOKMARK [1][-]{section.3.4}{\376\377\000O\000c\000t\000o\000b\000e\000r\000\040\0002\0005}{chapter.3}% 19
\BOOKMARK [1][-]{section.3.5}{\376\377\000O\000c\000t\000o\000b\000e\000r\000\040\0002\0007}{chapter.3}% 20
\BOOKMARK [1][-]{section.3.6}{\376\377\000N\000o\000v\000e\000m\000b\000e\000r\000\040\0001}{chapter.3}% 21
\BOOKMARK [1][-]{section.3.7}{\376\377\000N\000o\000v\000e\000m\000b\000e\000r\000\040\0003}{chapter.3}% 22
\BOOKMARK [0][-]{chapter.4}{\376\377\000D\000i\000f\000f\000e\000r\000e\000n\000t\000i\000a\000t\000i\000o\000n}{}% 23
\BOOKMARK [1][-]{section.4.1}{\376\377\000N\000o\000v\000e\000m\000b\000e\000r\000\040\0001\0000}{chapter.4}% 24
\BOOKMARK [1][-]{section.4.2}{\376\377\000N\000o\000v\000e\000m\000b\000e\000r\000\040\0001\0005}{chapter.4}% 25
\BOOKMARK [1][-]{section.4.3}{\376\377\000N\000o\000v\000e\000m\000b\000e\000r\000\040\0001\0007}{chapter.4}% 26
\BOOKMARK [0][-]{chapter.5}{\376\377\000I\000n\000t\000e\000g\000r\000a\000t\000i\000o\000n}{}% 27
\BOOKMARK [1][-]{section.5.1}{\376\377\000N\000o\000v\000e\000m\000b\000e\000r\000\040\0002\0002}{chapter.5}% 28
\BOOKMARK [1][-]{section.5.2}{\376\377\000N\000o\000v\000e\000m\000b\000e\000r\000\040\0002\0009}{chapter.5}% 29
\BOOKMARK [1][-]{section.5.3}{\376\377\000D\000e\000c\000e\000m\000b\000e\000r\000\040\0001}{chapter.5}% 30
