\BOOKMARK [-1][-]{part.1}{\376\377\000I\000\040\000P\000r\000o\000p\000o\000s\000i\000t\000i\000o\000n\000a\000l\000\040\000L\000o\000g\000i\000c}{}% 1
\BOOKMARK [0][-]{chapter.1}{\376\377\000S\000y\000n\000t\000a\000x\000\040\000a\000n\000d\000\040\000S\000e\000m\000a\000n\000t\000i\000c\000s}{part.1}% 2
\BOOKMARK [1][-]{section.1.1}{\376\377\000J\000a\000n\000u\000a\000r\000y\000\040\0001\0009}{chapter.1}% 3
\BOOKMARK [1][-]{section.1.2}{\376\377\000J\000a\000n\000u\000a\000r\000y\000\040\0002\0001}{chapter.1}% 4
\BOOKMARK [1][-]{section.1.3}{\376\377\000J\000a\000n\000u\000a\000r\000y\000\040\0002\0004}{chapter.1}% 5
\BOOKMARK [1][-]{section.1.4}{\376\377\000J\000a\000n\000u\000a\000r\000y\000\040\0002\0006}{chapter.1}% 6
\BOOKMARK [1][-]{section.1.5}{\376\377\000J\000a\000n\000u\000a\000r\000y\000\040\0002\0008}{chapter.1}% 7
\BOOKMARK [1][-]{section.1.6}{\376\377\000J\000a\000n\000u\000a\000r\000y\000\040\0003\0001}{chapter.1}% 8
\BOOKMARK [1][-]{section.1.7}{\376\377\000F\000e\000b\000r\000u\000a\000r\000y\000\040\0002}{chapter.1}% 9
\BOOKMARK [1][-]{section.1.8}{\376\377\000F\000e\000b\000r\000u\000a\000r\000y\000\040\0004}{chapter.1}% 10
\BOOKMARK [1][-]{section.1.9}{\376\377\000F\000e\000b\000r\000u\000a\000r\000y\000\040\0007}{chapter.1}% 11
\BOOKMARK [0][-]{chapter.2}{\376\377\000B\000a\000s\000i\000c\000\040\000T\000h\000e\000o\000r\000y}{part.1}% 12
\BOOKMARK [1][-]{section.2.1}{\376\377\000F\000e\000b\000r\000u\000a\000r\000y\000\040\0009}{chapter.2}% 13
\BOOKMARK [1][-]{section.2.2}{\376\377\000F\000e\000b\000r\000u\000a\000r\000y\000\040\0001\0001}{chapter.2}% 14
\BOOKMARK [1][-]{section.2.3}{\376\377\000F\000e\000b\000r\000u\000a\000r\000y\000\040\0001\0004}{chapter.2}% 15
\BOOKMARK [1][-]{section.2.4}{\376\377\000F\000e\000b\000r\000u\000a\000r\000y\000\040\0001\0006}{chapter.2}% 16
\BOOKMARK [1][-]{section.2.5}{\376\377\000F\000e\000b\000r\000u\000a\000r\000y\000\040\0001\0008}{chapter.2}% 17
\BOOKMARK [1][-]{section.2.6}{\376\377\000F\000e\000b\000r\000u\000a\000r\000y\000\040\0002\0003}{chapter.2}% 18
\BOOKMARK [1][-]{section.2.7}{\376\377\000F\000e\000b\000r\000u\000a\000r\000y\000\040\0002\0008}{chapter.2}% 19
\BOOKMARK [0][-]{chapter.3}{\376\377\000N\000a\000t\000u\000r\000a\000l\000\040\000D\000e\000d\000u\000c\000t\000i\000o\000n}{part.1}% 20
\BOOKMARK [1][-]{section.3.1}{\376\377\000M\000a\000r\000c\000h\000\040\0002}{chapter.3}% 21
\BOOKMARK [1][-]{section.3.2}{\376\377\000M\000a\000r\000c\000h\000\040\0004}{chapter.3}% 22
\BOOKMARK [0][-]{section*.5}{\376\377\000L\000i\000s\000t\000\040\000o\000f\000\040\000D\000e\000f\000i\000n\000i\000t\000i\000o\000n\000s}{part.1}% 23
