\BOOKMARK [0][-]{chapter.1}{\376\377\000B\000a\000s\000i\000c\000\040\000D\000e\000f\000i\000n\000i\000t\000i\000o\000n\000s}{}% 1
\BOOKMARK [1][-]{section.1.1}{\376\377\000J\000a\000n\000u\000a\000r\000y\000\040\0001\0009}{chapter.1}% 2
\BOOKMARK [1][-]{section.1.2}{\376\377\000J\000a\000n\000u\000a\000r\000y\000\040\0002\0001}{chapter.1}% 3
\BOOKMARK [1][-]{section.1.3}{\376\377\000J\000a\000n\000u\000a\000r\000y\000\040\0002\0004}{chapter.1}% 4
\BOOKMARK [0][-]{chapter.2}{\376\377\000F\000u\000n\000c\000t\000o\000r\000s\000\040\000a\000n\000d\000\040\000N\000a\000t\000u\000r\000a\000l\000\040\000T\000r\000a\000n\000s\000f\000o\000r\000m\000a\000t\000i\000o\000n\000s}{}% 5
\BOOKMARK [1][-]{section.2.1}{\376\377\000J\000a\000n\000u\000a\000r\000y\000\040\0002\0006}{chapter.2}% 6
\BOOKMARK [1][-]{section.2.2}{\376\377\000J\000a\000n\000u\000a\000r\000y\000\040\0003\0001}{chapter.2}% 7
\BOOKMARK [1][-]{section.2.3}{\376\377\000F\000e\000b\000r\000u\000a\000r\000y\000\040\0002}{chapter.2}% 8
\BOOKMARK [1][-]{section.2.4}{\376\377\000F\000e\000b\000r\000u\000a\000r\000y\000\040\0007}{chapter.2}% 9
\BOOKMARK [1][-]{section.2.5}{\376\377\000F\000e\000b\000r\000u\000a\000r\000y\000\040\0009}{chapter.2}% 10
\BOOKMARK [1][-]{section.2.6}{\376\377\000F\000e\000b\000r\000u\000a\000r\000y\000\040\0001\0001}{chapter.2}% 11
\BOOKMARK [1][-]{section.2.7}{\376\377\000F\000e\000b\000r\000u\000a\000r\000y\000\040\0001\0004}{chapter.2}% 12
\BOOKMARK [1][-]{section.2.8}{\376\377\000F\000e\000b\000r\000u\000a\000r\000y\000\040\0001\0006}{chapter.2}% 13
\BOOKMARK [1][-]{section.2.9}{\376\377\000F\000e\000b\000r\000u\000a\000r\000y\000\040\0001\0008}{chapter.2}% 14
\BOOKMARK [0][-]{chapter.3}{\376\377\000U\000n\000i\000v\000e\000r\000s\000a\000l\000\040\000P\000r\000o\000p\000e\000r\000t\000i\000e\000s\000\040\000a\000n\000d\000\040\000F\000u\000n}{}% 15
\BOOKMARK [1][-]{section.3.1}{\376\377\000F\000e\000b\000r\000u\000a\000r\000y\000\040\0002\0003}{chapter.3}% 16
\BOOKMARK [1][-]{section.3.2}{\376\377\000F\000e\000b\000r\000u\000a\000r\000y\000\040\0002\0005}{chapter.3}% 17
\BOOKMARK [1][-]{section.3.3}{\376\377\000F\000e\000b\000r\000u\000a\000r\000y\000\040\0002\0008}{chapter.3}% 18
\BOOKMARK [1][-]{section.3.4}{\376\377\000M\000a\000r\000c\000h\000\040\0002}{chapter.3}% 19
\BOOKMARK [1][-]{section.3.5}{\376\377\000M\000a\000r\000c\000h\000\040\0004}{chapter.3}% 20
\BOOKMARK [1][-]{section.3.6}{\376\377\000M\000a\000r\000c\000h\000\040\0007}{chapter.3}% 21
\BOOKMARK [1][-]{section.3.7}{\376\377\000M\000a\000r\000c\000h\000\040\0009}{chapter.3}% 22
\BOOKMARK [0][-]{section*.5}{\376\377\000L\000i\000s\000t\000\040\000o\000f\000\040\000D\000e\000f\000i\000n\000i\000t\000i\000o\000n\000s}{}% 23
